Watching for file changes with StatReloader
[18/Jul/2021 08:45:31] "GET / HTTP/1.1" 200 10697
[18/Jul/2021 08:52:14] "GET / HTTP/1.1" 200 10697
[18/Jul/2021 08:52:15] "GET /static/admin/css/fonts.css HTTP/1.1" 200 423
Not Found: /favicon.ico
[18/Jul/2021 08:52:15] "GET /favicon.ico HTTP/1.1" 404 2114
[18/Jul/2021 08:52:15] "GET /static/admin/fonts/Roboto-Bold-webfont.woff HTTP/1.1" 200 86184
[18/Jul/2021 08:52:15] "GET /static/admin/fonts/Roboto-Regular-webfont.woff HTTP/1.1" 200 85876
[18/Jul/2021 08:52:15] "GET /static/admin/fonts/Roboto-Light-webfont.woff HTTP/1.1" 200 85692
[18/Jul/2021 08:56:08,435] - Broken pipe from ('106.101.192.92', 34358)

[18/Jul/2021 08:56:08,436] - Broken pipe from ('106.101.192.92', 34352)

[18/Jul/2021 08:56:08,443] - Broken pipe from ('106.101.192.92', 5654)

[18/Jul/2021 08:56:08,443] - Broken pipe from ('106.101.192.92', 34360)

[18/Jul/2021 09:20:04] "GET /admin HTTP/1.1" 301 0
[18/Jul/2021 09:20:04] "GET /admin/ HTTP/1.1" 302 0
[18/Jul/2021 09:20:04] "GET /admin/login/?next=/admin/ HTTP/1.1" 200 2214
[18/Jul/2021 09:20:04] "GET /static/admin/css/base.css HTTP/1.1" 200 19513
[18/Jul/2021 09:20:04] "GET /static/admin/css/nav_sidebar.css HTTP/1.1" 200 2271
[18/Jul/2021 09:20:04] "GET /static/admin/css/login.css HTTP/1.1" 200 939
[18/Jul/2021 09:20:04] "GET /static/admin/js/nav_sidebar.js HTTP/1.1" 200 1360
[18/Jul/2021 09:20:04] "GET /static/admin/css/responsive.css HTTP/1.1" 200 18545
[18/Jul/2021 09:20:04] "GET /static/admin/css/fonts.css HTTP/1.1" 304 0
[18/Jul/2021 09:20:04] "GET /static/admin/fonts/Roboto-Regular-webfont.woff HTTP/1.1" 304 0
[18/Jul/2021 09:20:04] "GET /static/admin/fonts/Roboto-Light-webfont.woff HTTP/1.1" 304 0
[18/Jul/2021 09:20:15] "POST /admin/login/?next=/admin/ HTTP/1.1" 302 0
[18/Jul/2021 09:20:15] "GET /admin/ HTTP/1.1" 200 3332
[18/Jul/2021 09:20:15] "GET /static/admin/css/dashboard.css HTTP/1.1" 200 380
[18/Jul/2021 09:20:15] "GET /static/admin/img/icon-addlink.svg HTTP/1.1" 200 331
[18/Jul/2021 09:20:15] "GET /static/admin/img/icon-changelink.svg HTTP/1.1" 200 380
[18/Jul/2021 09:20:15] "GET /static/admin/fonts/Roboto-Bold-webfont.woff HTTP/1.1" 304 0
[18/Jul/2021 09:20:33] "GET /admin/auth/user/ HTTP/1.1" 200 7859
[18/Jul/2021 09:20:33] "GET /static/admin/js/jquery.init.js HTTP/1.1" 200 347
[18/Jul/2021 09:20:33] "GET /static/admin/js/core.js HTTP/1.1" 200 5698
[18/Jul/2021 09:20:33] "GET /static/admin/css/changelists.css HTTP/1.1" 200 6874
[18/Jul/2021 09:20:33] "GET /static/admin/js/admin/RelatedObjectLookups.js HTTP/1.1" 200 5984
[18/Jul/2021 09:20:33] "GET /admin/jsi18n/ HTTP/1.1" 200 3195
[18/Jul/2021 09:20:33] "GET /static/admin/js/actions.js HTTP/1.1" 200 7664
[18/Jul/2021 09:20:33] "GET /static/admin/js/vendor/jquery/jquery.js HTTP/1.1" 200 287630
[18/Jul/2021 09:20:33] "GET /static/admin/js/prepopulate.js HTTP/1.1" 200 1531
[18/Jul/2021 09:20:33] "GET /static/admin/js/urlify.js HTTP/1.1" 200 7902
[18/Jul/2021 09:20:33] "GET /static/admin/js/vendor/xregexp/xregexp.js HTTP/1.1" 200 232381
[18/Jul/2021 09:20:33] "GET /static/admin/img/search.svg HTTP/1.1" 200 458
[18/Jul/2021 09:20:33] "GET /static/admin/img/icon-yes.svg HTTP/1.1" 200 436
[18/Jul/2021 09:20:33] "GET /static/admin/img/sorting-icons.svg HTTP/1.1" 200 1097
[18/Jul/2021 09:20:33] "GET /static/admin/img/tooltag-add.svg HTTP/1.1" 200 331
[18/Jul/2021 09:20:39] "GET /admin/auth/group/ HTTP/1.1" 200 4758
[18/Jul/2021 09:20:39] "GET /admin/jsi18n/ HTTP/1.1" 200 3195
[18/Jul/2021 09:20:41] "GET / HTTP/1.1" 200 10697
[18/Jul/2021 09:20:44] "GET /admin/auth/group/ HTTP/1.1" 200 4758
[18/Jul/2021 09:22:29] "GET /admin/ HTTP/1.1" 200 3332
[18/Jul/2021 10:01:32] code 400, message Bad request version ('À\x14À')
[18/Jul/2021 10:01:32] You're accessing the development server over HTTPS, but it only supports HTTP.

Watching for file changes with StatReloader
Not Found: /
[18/Jul/2021 10:32:43] "GET / HTTP/1.1" 404 2168
Not Found: /
[18/Jul/2021 10:32:53] "GET / HTTP/1.1" 404 2168
[18/Jul/2021 10:33:00] "GET /memo HTTP/1.1" 301 0
[18/Jul/2021 10:33:00] "GET /memo/ HTTP/1.1" 200 345
[18/Jul/2021 10:33:05] "GET /admin/ HTTP/1.1" 302 0
[18/Jul/2021 10:33:05] "GET /admin/login/?next=/admin/ HTTP/1.1" 200 2214
[18/Jul/2021 10:33:05] "GET /static/admin/css/nav_sidebar.css HTTP/1.1" 304 0
[18/Jul/2021 10:33:05] "GET /static/admin/css/login.css HTTP/1.1" 304 0
[18/Jul/2021 10:33:05] "GET /static/admin/css/base.css HTTP/1.1" 304 0
[18/Jul/2021 10:33:05] "GET /static/admin/css/responsive.css HTTP/1.1" 304 0
[18/Jul/2021 10:33:05] "GET /static/admin/js/nav_sidebar.js HTTP/1.1" 304 0
[18/Jul/2021 10:33:05] "GET /static/admin/css/fonts.css HTTP/1.1" 304 0
[18/Jul/2021 10:33:05] "GET /static/admin/fonts/Roboto-Regular-webfont.woff HTTP/1.1" 304 0
[18/Jul/2021 10:33:05] "GET /static/admin/fonts/Roboto-Light-webfont.woff HTTP/1.1" 304 0
[18/Jul/2021 10:34:57] "GET /memo/ HTTP/1.1" 200 345
[18/Jul/2021 10:34:59] "GET /memo/1/ HTTP/1.1" 200 193
[18/Jul/2021 10:35:01] "GET /memo/2/ HTTP/1.1" 200 174
[18/Jul/2021 10:35:06] "GET /admin/ HTTP/1.1" 302 0
[18/Jul/2021 10:35:06] "GET /admin/login/?next=/admin/ HTTP/1.1" 200 2214
[18/Jul/2021 11:25:34] code 400, message Bad HTTP/0.9 request type ('\x16\x03\x01\x00\x89\x01\x00\x00')
[18/Jul/2021 11:25:34] You're accessing the development server over HTTPS, but it only supports HTTP.

[18/Jul/2021 12:17:29] "GET /admin/ HTTP/1.1" 302 0
[18/Jul/2021 12:17:29] "GET /admin/login/?next=/admin/ HTTP/1.1" 200 2214
[18/Jul/2021 12:17:29] "GET /static/admin/css/base.css HTTP/1.1" 304 0
[18/Jul/2021 12:17:29] "GET /static/admin/css/nav_sidebar.css HTTP/1.1" 304 0
[18/Jul/2021 12:17:29] "GET /static/admin/css/login.css HTTP/1.1" 304 0
[18/Jul/2021 12:17:29] "GET /static/admin/js/nav_sidebar.js HTTP/1.1" 304 0
[18/Jul/2021 12:17:29] "GET /static/admin/css/responsive.css HTTP/1.1" 304 0
[18/Jul/2021 12:17:29] "GET /static/admin/css/fonts.css HTTP/1.1" 304 0
[18/Jul/2021 12:17:29] "GET /static/admin/fonts/Roboto-Regular-webfont.woff HTTP/1.1" 304 0
[18/Jul/2021 12:17:29] "GET /static/admin/fonts/Roboto-Light-webfont.woff HTTP/1.1" 304 0
[18/Jul/2021 12:18:33] "GET /memo/ HTTP/1.1" 200 345
[18/Jul/2021 12:18:35] "GET /memo/2/ HTTP/1.1" 200 174
[18/Jul/2021 13:43:09] "GET /memo HTTP/1.1" 301 0
[18/Jul/2021 13:43:09] "GET /memo/ HTTP/1.1" 200 345
Not Found: /favicon.ico
[18/Jul/2021 13:43:10] "GET /favicon.ico HTTP/1.1" 404 2219
[18/Jul/2021 13:43:11] "GET /admin HTTP/1.1" 301 0
[18/Jul/2021 13:43:12] "GET /admin/ HTTP/1.1" 302 0
[18/Jul/2021 13:43:12] "GET /admin/login/?next=/admin/ HTTP/1.1" 200 2214
[18/Jul/2021 13:43:12] "GET /static/admin/css/base.css HTTP/1.1" 200 19513
[18/Jul/2021 13:43:12] "GET /static/admin/css/nav_sidebar.css HTTP/1.1" 200 2271
[18/Jul/2021 13:43:12] "GET /static/admin/css/login.css HTTP/1.1" 200 939
[18/Jul/2021 13:43:12] "GET /static/admin/js/nav_sidebar.js HTTP/1.1" 200 1360
[18/Jul/2021 13:43:12] "GET /static/admin/css/responsive.css HTTP/1.1" 200 18545
[18/Jul/2021 13:43:12] "GET /static/admin/css/fonts.css HTTP/1.1" 304 0
[18/Jul/2021 13:43:12] "GET /static/admin/fonts/Roboto-Regular-webfont.woff HTTP/1.1" 304 0
[18/Jul/2021 13:43:12] "GET /static/admin/fonts/Roboto-Light-webfont.woff HTTP/1.1" 304 0
[18/Jul/2021 13:43:20] "GET /admin/ HTTP/1.1" 302 0
[18/Jul/2021 13:43:20] "GET /admin/login/?next=/admin/ HTTP/1.1" 200 2214
[18/Jul/2021 13:43:31] "POST /admin/login/?next=/admin/ HTTP/1.1" 302 0
[18/Jul/2021 13:43:31] "GET /admin/ HTTP/1.1" 200 5187
[18/Jul/2021 13:43:31] "GET /static/admin/css/dashboard.css HTTP/1.1" 200 380
[18/Jul/2021 13:43:31] "GET /static/admin/img/icon-changelink.svg HTTP/1.1" 200 380
[18/Jul/2021 13:43:31] "GET /static/admin/fonts/Roboto-Bold-webfont.woff HTTP/1.1" 304 0
[18/Jul/2021 13:43:31] "GET /static/admin/img/icon-addlink.svg HTTP/1.1" 200 331
[18/Jul/2021 13:43:45] "GET /admin/login/?next=/admin/ HTTP/1.1" 302 0
[18/Jul/2021 13:43:46] "GET /admin/ HTTP/1.1" 200 5187
[18/Jul/2021 13:47:37,405] - Broken pipe from ('106.101.192.92', 36856)

[18/Jul/2021 13:47:37,406] - Broken pipe from ('106.101.192.92', 32518)

[18/Jul/2021 13:47:37,406] - Broken pipe from ('106.101.192.92', 5720)

[18/Jul/2021 13:47:37,407] - Broken pipe from ('106.101.192.92', 36868)

[18/Jul/2021 13:47:37,413] - Broken pipe from ('106.101.192.92', 36866)

Not Found: /
[18/Jul/2021 16:20:15] "GET / HTTP/1.1" 404 2169
Not Found: /
[18/Jul/2021 18:49:11] "GET / HTTP/1.1" 404 2169
Not Found: /
[18/Jul/2021 18:49:13] "GET / HTTP/1.1" 404 2169
Not Found: /favicon.ico
[18/Jul/2021 18:49:13] "GET /favicon.ico HTTP/1.1" 404 2220
[19/Jul/2021 00:14:01] code 400, message Bad HTTP/0.9 request type ('\x16\x03\x03\x00\x99\x01\x00\x00\x95\x03\x03`ôÄ')
[19/Jul/2021 00:14:01] You're accessing the development server over HTTPS, but it only supports HTTP.

Not Found: /
[19/Jul/2021 00:26:54] "GET / HTTP/1.1" 404 2169
Not Found: /http:/www.msftncsi.com/ncsi.txt
[19/Jul/2021 00:26:54] "GET http://www.msftncsi.com/ncsi.txt HTTP/1.1" 404 1842
Not Found: /HNAP1/
[19/Jul/2021 00:26:54] "GET /HNAP1/ HTTP/1.1" 404 2205
Not Found: /hudson/script
[19/Jul/2021 00:26:55] "GET /hudson/script HTTP/1.1" 404 2226
Not Found: /script
[19/Jul/2021 00:26:55] "GET /script HTTP/1.1" 404 2205
Not Found: /sqlite/main.php
[19/Jul/2021 00:26:55] "GET /sqlite/main.php HTTP/1.1" 404 2232
Not Found: /sqlitemanager/main.php
[19/Jul/2021 00:26:56] "GET /sqlitemanager/main.php HTTP/1.1" 404 2253
Not Found: /SQLiteManager/main.php
[19/Jul/2021 00:26:56] "GET /SQLiteManager/main.php HTTP/1.1" 404 2253
Not Found: /SQLite/main.php
[19/Jul/2021 00:26:56] "GET /SQLite/main.php HTTP/1.1" 404 2232
Not Found: /SQlite/main.php
[19/Jul/2021 00:26:57] "GET /SQlite/main.php HTTP/1.1" 404 2232
Not Found: /main.php
[19/Jul/2021 00:26:57] "GET /main.php HTTP/1.1" 404 2211
Not Found: /test/sqlite/SQLiteManager-1.2.0/SQLiteManager-1.2.0/main.php
[19/Jul/2021 00:26:57] "GET /test/sqlite/SQLiteManager-1.2.0/SQLiteManager-1.2.0/main.php HTTP/1.1" 404 2367
Not Found: /SQLiteManager-1.2.4/main.php
[19/Jul/2021 00:26:57] "GET /SQLiteManager-1.2.4/main.php HTTP/1.1" 404 2271
Not Found: /agSearch/SQlite/main.php
[19/Jul/2021 00:26:57] "GET /agSearch/SQlite/main.php HTTP/1.1" 404 2259
Not Found: /phpmyadmin/
[19/Jul/2021 00:26:58] "GET /phpmyadmin/ HTTP/1.1" 404 2220
Not Found: /phpMyAdmin/
[19/Jul/2021 00:26:58] "GET /phpMyAdmin/ HTTP/1.1" 404 2220
Not Found: /PMA/
[19/Jul/2021 00:26:58] "GET /PMA/ HTTP/1.1" 404 2199
Not Found: /pma/
[19/Jul/2021 00:26:59] "GET /pma/ HTTP/1.1" 404 2199
[19/Jul/2021 00:26:59] "GET /admin/ HTTP/1.1" 302 0
[19/Jul/2021 00:26:59] "GET /admin/login/?next=/admin/ HTTP/1.1" 200 2214
Not Found: /dbadmin/
[19/Jul/2021 00:26:59] "GET /dbadmin/ HTTP/1.1" 404 2211
Not Found: /mysql/
[19/Jul/2021 00:27:00] "GET /mysql/ HTTP/1.1" 404 2205
Not Found: /myadmin/
[19/Jul/2021 00:27:00] "GET /myadmin/ HTTP/1.1" 404 2211
Not Found: /openserver/phpmyadmin/
[19/Jul/2021 00:27:00] "GET /openserver/phpmyadmin/ HTTP/1.1" 404 2253
Not Found: /phpmyadmin2/
[19/Jul/2021 00:27:00] "GET /phpmyadmin2/ HTTP/1.1" 404 2223
Not Found: /phpMyAdmin2/
[19/Jul/2021 00:27:00] "GET /phpMyAdmin2/ HTTP/1.1" 404 2223
Not Found: /phpMyAdmin-2/
[19/Jul/2021 00:27:01] "GET /phpMyAdmin-2/ HTTP/1.1" 404 2226
Not Found: /php-my-admin/
[19/Jul/2021 00:27:01] "GET /php-my-admin/ HTTP/1.1" 404 2226
Not Found: /phpMyAdmin-2.2.3/
[19/Jul/2021 00:27:01] "GET /phpMyAdmin-2.2.3/ HTTP/1.1" 404 2238
Not Found: /phpMyAdmin-2.2.6/
[19/Jul/2021 00:27:02] "GET /phpMyAdmin-2.2.6/ HTTP/1.1" 404 2238
Not Found: /phpMyAdmin-2.5.1/
[19/Jul/2021 00:27:02] "GET /phpMyAdmin-2.5.1/ HTTP/1.1" 404 2238
Not Found: /phpMyAdmin-2.5.4/
[19/Jul/2021 00:27:02] "GET /phpMyAdmin-2.5.4/ HTTP/1.1" 404 2238
Not Found: /phpMyAdmin-2.5.5-rc1/
[19/Jul/2021 00:27:02] "GET /phpMyAdmin-2.5.5-rc1/ HTTP/1.1" 404 2250
Not Found: /phpMyAdmin-2.5.5-rc2/
[19/Jul/2021 00:27:03] "GET /phpMyAdmin-2.5.5-rc2/ HTTP/1.1" 404 2250
Not Found: /phpMyAdmin-2.5.5/
[19/Jul/2021 00:27:03] "GET /phpMyAdmin-2.5.5/ HTTP/1.1" 404 2238
Not Found: /phpMyAdmin-2.5.5-pl1/
[19/Jul/2021 00:27:03] "GET /phpMyAdmin-2.5.5-pl1/ HTTP/1.1" 404 2250
Not Found: /phpMyAdmin-2.5.6-rc1/
[19/Jul/2021 00:27:03] "GET /phpMyAdmin-2.5.6-rc1/ HTTP/1.1" 404 2250
Not Found: /phpMyAdmin-2.5.6-rc2/
[19/Jul/2021 00:27:04] "GET /phpMyAdmin-2.5.6-rc2/ HTTP/1.1" 404 2250
Not Found: /phpMyAdmin-2.5.6/
[19/Jul/2021 00:27:04] "GET /phpMyAdmin-2.5.6/ HTTP/1.1" 404 2238
Not Found: /phpMyAdmin-2.5.7/
[19/Jul/2021 00:27:04] "GET /phpMyAdmin-2.5.7/ HTTP/1.1" 404 2238
Not Found: /phpMyAdmin-2.5.7-pl1/
[19/Jul/2021 00:27:04] "GET /phpMyAdmin-2.5.7-pl1/ HTTP/1.1" 404 2250
Not Found: /phpMyAdmin-2.6.0-alpha/
[19/Jul/2021 00:27:05] "GET /phpMyAdmin-2.6.0-alpha/ HTTP/1.1" 404 2256
Not Found: /phpMyAdmin-2.6.0-alpha2/
[19/Jul/2021 00:27:05] "GET /phpMyAdmin-2.6.0-alpha2/ HTTP/1.1" 404 2259
Not Found: /phpMyAdmin-2.6.0-beta1/
[19/Jul/2021 00:27:05] "GET /phpMyAdmin-2.6.0-beta1/ HTTP/1.1" 404 2256
Not Found: /phpMyAdmin-2.6.0-beta2/
[19/Jul/2021 00:27:05] "GET /phpMyAdmin-2.6.0-beta2/ HTTP/1.1" 404 2256
Not Found: /phpMyAdmin-2.6.0-rc1/
[19/Jul/2021 00:27:06] "GET /phpMyAdmin-2.6.0-rc1/ HTTP/1.1" 404 2250
Not Found: /phpMyAdmin-2.6.0-rc2/
[19/Jul/2021 00:27:06] "GET /phpMyAdmin-2.6.0-rc2/ HTTP/1.1" 404 2250
Not Found: /phpMyAdmin-2.6.0-rc3/
[19/Jul/2021 00:27:06] "GET /phpMyAdmin-2.6.0-rc3/ HTTP/1.1" 404 2250
Not Found: /phpMyAdmin-2.6.0/
[19/Jul/2021 00:27:06] "GET /phpMyAdmin-2.6.0/ HTTP/1.1" 404 2238
Not Found: /phpMyAdmin-2.6.0-pl1/
[19/Jul/2021 00:27:07] "GET /phpMyAdmin-2.6.0-pl1/ HTTP/1.1" 404 2250
Not Found: /phpMyAdmin-2.6.0-pl2/
[19/Jul/2021 00:27:07] "GET /phpMyAdmin-2.6.0-pl2/ HTTP/1.1" 404 2250
Not Found: /phpMyAdmin-2.6.0-pl3/
[19/Jul/2021 00:27:07] "GET /phpMyAdmin-2.6.0-pl3/ HTTP/1.1" 404 2250
Not Found: /phpMyAdmin-2.6.1-rc1/
[19/Jul/2021 00:27:07] "GET /phpMyAdmin-2.6.1-rc1/ HTTP/1.1" 404 2250
Not Found: /phpMyAdmin-2.6.1-rc2/
[19/Jul/2021 00:27:08] "GET /phpMyAdmin-2.6.1-rc2/ HTTP/1.1" 404 2250
Not Found: /phpMyAdmin-2.6.1/
[19/Jul/2021 00:27:08] "GET /phpMyAdmin-2.6.1/ HTTP/1.1" 404 2238
Not Found: /phpMyAdmin-2.6.1-pl1/
[19/Jul/2021 00:27:08] "GET /phpMyAdmin-2.6.1-pl1/ HTTP/1.1" 404 2250
Not Found: /phpMyAdmin-2.6.1-pl2/
[19/Jul/2021 00:27:09] "GET /phpMyAdmin-2.6.1-pl2/ HTTP/1.1" 404 2250
Not Found: /phpMyAdmin-2.6.1-pl3/
[19/Jul/2021 00:27:09] "GET /phpMyAdmin-2.6.1-pl3/ HTTP/1.1" 404 2250
Not Found: /phpMyAdmin-2.6.2-rc1/
[19/Jul/2021 00:27:09] "GET /phpMyAdmin-2.6.2-rc1/ HTTP/1.1" 404 2250
Not Found: /phpMyAdmin-2.6.2-beta1/
[19/Jul/2021 00:27:10] "GET /phpMyAdmin-2.6.2-beta1/ HTTP/1.1" 404 2256
Not Found: /phpMyAdmin-2.6.2-rc1/
[19/Jul/2021 00:27:10] "GET /phpMyAdmin-2.6.2-rc1/ HTTP/1.1" 404 2250
Not Found: /phpMyAdmin-2.6.2/
[19/Jul/2021 00:27:10] "GET /phpMyAdmin-2.6.2/ HTTP/1.1" 404 2238
Not Found: /phpMyAdmin-2.6.2-pl1/
[19/Jul/2021 00:27:10] "GET /phpMyAdmin-2.6.2-pl1/ HTTP/1.1" 404 2250
Not Found: /phpMyAdmin-2.6.3/
[19/Jul/2021 00:27:11] "GET /phpMyAdmin-2.6.3/ HTTP/1.1" 404 2238
Not Found: /phpMyAdmin-2.6.3-rc1/
[19/Jul/2021 00:27:11] "GET /phpMyAdmin-2.6.3-rc1/ HTTP/1.1" 404 2250
Not Found: /phpMyAdmin-2.6.3/
[19/Jul/2021 00:27:11] "GET /phpMyAdmin-2.6.3/ HTTP/1.1" 404 2238
Not Found: /phpMyAdmin-2.6.3-pl1/
[19/Jul/2021 00:27:12] "GET /phpMyAdmin-2.6.3-pl1/ HTTP/1.1" 404 2250
Not Found: /phpMyAdmin-2.6.4-rc1/
[19/Jul/2021 00:27:12] "GET /phpMyAdmin-2.6.4-rc1/ HTTP/1.1" 404 2250
Not Found: /phpMyAdmin-2.6.4-pl1/
[19/Jul/2021 00:27:12] "GET /phpMyAdmin-2.6.4-pl1/ HTTP/1.1" 404 2250
Not Found: /phpMyAdmin-2.6.4-pl2/
[19/Jul/2021 00:27:12] "GET /phpMyAdmin-2.6.4-pl2/ HTTP/1.1" 404 2250
Not Found: /phpMyAdmin-2.6.4-pl3/
[19/Jul/2021 00:27:13] "GET /phpMyAdmin-2.6.4-pl3/ HTTP/1.1" 404 2250
Not Found: /phpMyAdmin-2.6.4-pl4/
[19/Jul/2021 00:27:13] "GET /phpMyAdmin-2.6.4-pl4/ HTTP/1.1" 404 2250
Not Found: /phpMyAdmin-2.6.4/
[19/Jul/2021 00:27:13] "GET /phpMyAdmin-2.6.4/ HTTP/1.1" 404 2238
Not Found: /phpMyAdmin-2.7.0-beta1/
[19/Jul/2021 00:27:13] "GET /phpMyAdmin-2.7.0-beta1/ HTTP/1.1" 404 2256
Not Found: /phpMyAdmin-2.7.0-rc1/
[19/Jul/2021 00:27:14] "GET /phpMyAdmin-2.7.0-rc1/ HTTP/1.1" 404 2250
Not Found: /phpMyAdmin-2.7.0-pl1/
[19/Jul/2021 00:27:14] "GET /phpMyAdmin-2.7.0-pl1/ HTTP/1.1" 404 2250
Not Found: /phpMyAdmin-2.7.0-pl2/
[19/Jul/2021 00:27:14] "GET /phpMyAdmin-2.7.0-pl2/ HTTP/1.1" 404 2250
Not Found: /phpMyAdmin-2.7.0/
[19/Jul/2021 00:27:14] "GET /phpMyAdmin-2.7.0/ HTTP/1.1" 404 2238
Not Found: /phpMyAdmin-2.8.0-beta1/
[19/Jul/2021 00:27:14] "GET /phpMyAdmin-2.8.0-beta1/ HTTP/1.1" 404 2256
Not Found: /phpMyAdmin-2.8.0-rc1/
[19/Jul/2021 00:27:15] "GET /phpMyAdmin-2.8.0-rc1/ HTTP/1.1" 404 2250
Not Found: /phpMyAdmin-2.8.0-rc2/
[19/Jul/2021 00:27:15] "GET /phpMyAdmin-2.8.0-rc2/ HTTP/1.1" 404 2250
Not Found: /phpMyAdmin-2.8.0/
[19/Jul/2021 00:27:15] "GET /phpMyAdmin-2.8.0/ HTTP/1.1" 404 2238
Not Found: /phpMyAdmin-2.8.0.1/
[19/Jul/2021 00:27:15] "GET /phpMyAdmin-2.8.0.1/ HTTP/1.1" 404 2244
Not Found: /phpMyAdmin-2.8.0.2/
[19/Jul/2021 00:27:16] "GET /phpMyAdmin-2.8.0.2/ HTTP/1.1" 404 2244
Not Found: /phpMyAdmin-2.8.0.3/
[19/Jul/2021 00:27:16] "GET /phpMyAdmin-2.8.0.3/ HTTP/1.1" 404 2244
Not Found: /phpMyAdmin-2.8.0.4/
[19/Jul/2021 00:27:16] "GET /phpMyAdmin-2.8.0.4/ HTTP/1.1" 404 2244
Not Found: /phpMyAdmin-2.8.1-rc1/
[19/Jul/2021 00:27:16] "GET /phpMyAdmin-2.8.1-rc1/ HTTP/1.1" 404 2250
Not Found: /phpMyAdmin-2.8.1/
[19/Jul/2021 00:27:17] "GET /phpMyAdmin-2.8.1/ HTTP/1.1" 404 2238
Not Found: /phpMyAdmin-2.8.2/
[19/Jul/2021 00:27:17] "GET /phpMyAdmin-2.8.2/ HTTP/1.1" 404 2238
Not Found: /sqlmanager/
[19/Jul/2021 00:27:17] "GET /sqlmanager/ HTTP/1.1" 404 2220
Not Found: /mysqlmanager/
[19/Jul/2021 00:27:17] "GET /mysqlmanager/ HTTP/1.1" 404 2226
Not Found: /p/m/a/
[19/Jul/2021 00:27:18] "GET /p/m/a/ HTTP/1.1" 404 2205
Not Found: /PMA2005/
[19/Jul/2021 00:27:18] "GET /PMA2005/ HTTP/1.1" 404 2211
Not Found: /pma2005/
[19/Jul/2021 00:27:18] "GET /pma2005/ HTTP/1.1" 404 2211
Not Found: /phpmanager/
[19/Jul/2021 00:27:18] "GET /phpmanager/ HTTP/1.1" 404 2220
Not Found: /php-myadmin/
[19/Jul/2021 00:27:19] "GET /php-myadmin/ HTTP/1.1" 404 2223
Not Found: /phpmy-admin/
[19/Jul/2021 00:27:19] "GET /phpmy-admin/ HTTP/1.1" 404 2223
Not Found: /webadmin/
[19/Jul/2021 00:27:19] "GET /webadmin/ HTTP/1.1" 404 2214
Not Found: /sqlweb/
[19/Jul/2021 00:27:20] "GET /sqlweb/ HTTP/1.1" 404 2208
Not Found: /websql/
[19/Jul/2021 00:27:20] "GET /websql/ HTTP/1.1" 404 2208
Not Found: /webdb/
[19/Jul/2021 00:27:20] "GET /webdb/ HTTP/1.1" 404 2205
Not Found: /mysqladmin/
[19/Jul/2021 00:27:20] "GET /mysqladmin/ HTTP/1.1" 404 2220
Not Found: /mysql-admin/
[19/Jul/2021 00:27:20] "GET /mysql-admin/ HTTP/1.1" 404 2223
Not Found: /
[19/Jul/2021 04:01:42] "GET / HTTP/1.1" 404 2169
Not Found: /favicon.ico
[19/Jul/2021 04:01:42] "GET /favicon.ico HTTP/1.1" 404 2220
